{
  "/Users/patrickkaipainen/code/ui-testing-guide-code/src/useTasks.js": {
    "path": "/Users/patrickkaipainen/code/ui-testing-guide-code/src/useTasks.js",
    "statementMap": {
      "0": {
        "start": {
          "line": 4,
          "column": 2
        },
        "end": {
          "line": 4,
          "column": 60
        }
      },
      "1": {
        "start": {
          "line": 4,
          "column": 48
        },
        "end": {
          "line": 4,
          "column": 58
        }
      },
      "2": {
        "start": {
          "line": 8,
          "column": 2
        },
        "end": {
          "line": 10,
          "column": 4
        }
      },
      "3": {
        "start": {
          "line": 9,
          "column": 4
        },
        "end": {
          "line": 9,
          "column": 55
        }
      },
      "4": {
        "start": {
          "line": 13,
          "column": 2
        },
        "end": {
          "line": 13,
          "column": 48
        }
      },
      "5": {
        "start": {
          "line": 13,
          "column": 32
        },
        "end": {
          "line": 13,
          "column": 46
        }
      },
      "6": {
        "start": {
          "line": 16,
          "column": 23
        },
        "end": {
          "line": 33,
          "column": 1
        }
      },
      "7": {
        "start": {
          "line": 17,
          "column": 2
        },
        "end": {
          "line": 32,
          "column": 3
        }
      },
      "8": {
        "start": {
          "line": 19,
          "column": 6
        },
        "end": {
          "line": 19,
          "column": 26
        }
      },
      "9": {
        "start": {
          "line": 21,
          "column": 6
        },
        "end": {
          "line": 21,
          "column": 70
        }
      },
      "10": {
        "start": {
          "line": 23,
          "column": 6
        },
        "end": {
          "line": 23,
          "column": 68
        }
      },
      "11": {
        "start": {
          "line": 25,
          "column": 6
        },
        "end": {
          "line": 25,
          "column": 67
        }
      },
      "12": {
        "start": {
          "line": 27,
          "column": 6
        },
        "end": {
          "line": 27,
          "column": 42
        }
      },
      "13": {
        "start": {
          "line": 29,
          "column": 6
        },
        "end": {
          "line": 29,
          "column": 67
        }
      },
      "14": {
        "start": {
          "line": 31,
          "column": 6
        },
        "end": {
          "line": 31,
          "column": 19
        }
      },
      "15": {
        "start": {
          "line": 36,
          "column": 28
        },
        "end": {
          "line": 36,
          "column": 51
        }
      },
      "16": {
        "start": {
          "line": 38,
          "column": 2
        },
        "end": {
          "line": 55,
          "column": 9
        }
      },
      "17": {
        "start": {
          "line": 39,
          "column": 28
        },
        "end": {
          "line": 39,
          "column": 49
        }
      },
      "18": {
        "start": {
          "line": 40,
          "column": 19
        },
        "end": {
          "line": 40,
          "column": 41
        }
      },
      "19": {
        "start": {
          "line": 42,
          "column": 4
        },
        "end": {
          "line": 50,
          "column": 9
        }
      },
      "20": {
        "start": {
          "line": 44,
          "column": 8
        },
        "end": {
          "line": 44,
          "column": 50
        }
      },
      "21": {
        "start": {
          "line": 47,
          "column": 8
        },
        "end": {
          "line": 49,
          "column": 9
        }
      },
      "22": {
        "start": {
          "line": 48,
          "column": 10
        },
        "end": {
          "line": 48,
          "column": 29
        }
      },
      "23": {
        "start": {
          "line": 52,
          "column": 4
        },
        "end": {
          "line": 54,
          "column": 6
        }
      },
      "24": {
        "start": {
          "line": 53,
          "column": 6
        },
        "end": {
          "line": 53,
          "column": 30
        }
      },
      "25": {
        "start": {
          "line": 57,
          "column": 2
        },
        "end": {
          "line": 57,
          "column": 27
        }
      }
    },
    "fnMap": {
      "0": {
        "name": "getTasks",
        "decl": {
          "start": {
            "line": 3,
            "column": 9
          },
          "end": {
            "line": 3,
            "column": 17
          }
        },
        "loc": {
          "start": {
            "line": 3,
            "column": 27
          },
          "end": {
            "line": 5,
            "column": 1
          }
        }
      },
      "1": {
        "name": "(anonymous_1)",
        "decl": {
          "start": {
            "line": 4,
            "column": 39
          },
          "end": {
            "line": 4,
            "column": 40
          }
        },
        "loc": {
          "start": {
            "line": 4,
            "column": 48
          },
          "end": {
            "line": 4,
            "column": 58
          }
        }
      },
      "2": {
        "name": "updateTask",
        "decl": {
          "start": {
            "line": 7,
            "column": 9
          },
          "end": {
            "line": 7,
            "column": 19
          }
        },
        "loc": {
          "start": {
            "line": 7,
            "column": 44
          },
          "end": {
            "line": 11,
            "column": 1
          }
        }
      },
      "3": {
        "name": "(anonymous_3)",
        "decl": {
          "start": {
            "line": 8,
            "column": 19
          },
          "end": {
            "line": 8,
            "column": 20
          }
        },
        "loc": {
          "start": {
            "line": 9,
            "column": 4
          },
          "end": {
            "line": 9,
            "column": 55
          }
        }
      },
      "4": {
        "name": "deleteTask",
        "decl": {
          "start": {
            "line": 12,
            "column": 9
          },
          "end": {
            "line": 12,
            "column": 19
          }
        },
        "loc": {
          "start": {
            "line": 12,
            "column": 31
          },
          "end": {
            "line": 14,
            "column": 1
          }
        }
      },
      "5": {
        "name": "(anonymous_5)",
        "decl": {
          "start": {
            "line": 13,
            "column": 22
          },
          "end": {
            "line": 13,
            "column": 23
          }
        },
        "loc": {
          "start": {
            "line": 13,
            "column": 32
          },
          "end": {
            "line": 13,
            "column": 46
          }
        }
      },
      "6": {
        "name": "(anonymous_6)",
        "decl": {
          "start": {
            "line": 16,
            "column": 23
          },
          "end": {
            "line": 16,
            "column": 24
          }
        },
        "loc": {
          "start": {
            "line": 16,
            "column": 42
          },
          "end": {
            "line": 33,
            "column": 1
          }
        }
      },
      "7": {
        "name": "useTasks",
        "decl": {
          "start": {
            "line": 35,
            "column": 16
          },
          "end": {
            "line": 35,
            "column": 24
          }
        },
        "loc": {
          "start": {
            "line": 35,
            "column": 27
          },
          "end": {
            "line": 58,
            "column": 1
          }
        }
      },
      "8": {
        "name": "(anonymous_8)",
        "decl": {
          "start": {
            "line": 38,
            "column": 12
          },
          "end": {
            "line": 38,
            "column": 13
          }
        },
        "loc": {
          "start": {
            "line": 38,
            "column": 18
          },
          "end": {
            "line": 55,
            "column": 3
          }
        }
      },
      "9": {
        "name": "(anonymous_9)",
        "decl": {
          "start": {
            "line": 43,
            "column": 12
          },
          "end": {
            "line": 43,
            "column": 13
          }
        },
        "loc": {
          "start": {
            "line": 43,
            "column": 27
          },
          "end": {
            "line": 45,
            "column": 7
          }
        }
      },
      "10": {
        "name": "(anonymous_10)",
        "decl": {
          "start": {
            "line": 46,
            "column": 13
          },
          "end": {
            "line": 46,
            "column": 14
          }
        },
        "loc": {
          "start": {
            "line": 46,
            "column": 24
          },
          "end": {
            "line": 50,
            "column": 7
          }
        }
      },
      "11": {
        "name": "(anonymous_11)",
        "decl": {
          "start": {
            "line": 52,
            "column": 11
          },
          "end": {
            "line": 52,
            "column": 12
          }
        },
        "loc": {
          "start": {
            "line": 52,
            "column": 17
          },
          "end": {
            "line": 54,
            "column": 5
          }
        }
      }
    },
    "branchMap": {
      "0": {
        "loc": {
          "start": {
            "line": 9,
            "column": 4
          },
          "end": {
            "line": 9,
            "column": 55
          }
        },
        "type": "cond-expr",
        "locations": [
          {
            "start": {
              "line": 9,
              "column": 21
            },
            "end": {
              "line": 9,
              "column": 48
            }
          },
          {
            "start": {
              "line": 9,
              "column": 51
            },
            "end": {
              "line": 9,
              "column": 55
            }
          }
        ]
      },
      "1": {
        "loc": {
          "start": {
            "line": 17,
            "column": 2
          },
          "end": {
            "line": 32,
            "column": 3
          }
        },
        "type": "switch",
        "locations": [
          {
            "start": {
              "line": 18,
              "column": 4
            },
            "end": {
              "line": 19,
              "column": 26
            }
          },
          {
            "start": {
              "line": 20,
              "column": 4
            },
            "end": {
              "line": 21,
              "column": 70
            }
          },
          {
            "start": {
              "line": 22,
              "column": 4
            },
            "end": {
              "line": 23,
              "column": 68
            }
          },
          {
            "start": {
              "line": 24,
              "column": 4
            },
            "end": {
              "line": 25,
              "column": 67
            }
          },
          {
            "start": {
              "line": 26,
              "column": 4
            },
            "end": {
              "line": 27,
              "column": 42
            }
          },
          {
            "start": {
              "line": 28,
              "column": 4
            },
            "end": {
              "line": 29,
              "column": 67
            }
          },
          {
            "start": {
              "line": 30,
              "column": 4
            },
            "end": {
              "line": 31,
              "column": 19
            }
          }
        ]
      },
      "2": {
        "loc": {
          "start": {
            "line": 47,
            "column": 8
          },
          "end": {
            "line": 49,
            "column": 9
          }
        },
        "type": "if",
        "locations": [
          {
            "start": {
              "line": 47,
              "column": 8
            },
            "end": {
              "line": 49,
              "column": 9
            }
          }
        ]
      }
    },
    "s": {
      "0": 21,
      "1": 21,
      "2": 45,
      "3": 270,
      "4": 1,
      "5": 6,
      "6": 6,
      "7": 67,
      "8": 21,
      "9": 3,
      "10": 4,
      "11": 0,
      "12": 1,
      "13": 38,
      "14": 0,
      "15": 88,
      "16": 88,
      "17": 21,
      "18": 21,
      "19": 21,
      "20": 21,
      "21": 0,
      "22": 0,
      "23": 21,
      "24": 15,
      "25": 88
    },
    "f": {
      "0": 21,
      "1": 21,
      "2": 45,
      "3": 270,
      "4": 1,
      "5": 6,
      "6": 67,
      "7": 88,
      "8": 21,
      "9": 21,
      "10": 0,
      "11": 15
    },
    "b": {
      "0": [
        45,
        225
      ],
      "1": [
        21,
        3,
        4,
        0,
        1,
        38,
        0
      ],
      "2": [
        0
      ]
    }
  }
}